INFO - Starting jSona...


   _  _____                   
  (_)/ ____|                  
   _| (___   ___  _ __   __ _ 
  | |\___ \ / _ \| '_ \ / _` |
  | |____) | (_) | | | | (_| |
  | |_____/ \___/|_| |_|\__,_|
 _/ |                   
|__/    1.0.7           

vlcj version: 3.0.1
lucene version: 4.7.0
java version: 1.8.0_45 (amd64)
javafx: 8.0.45-b11

INFO - Theme path: themes/grey/icon.png
INFO - Folder 'D:\media\musik' declared.
INFO - Start watching 'D:\media\musik'.
INFO - Folder 'L:\VIDEO' declared.
WARN - Folder L:\VIDEO could not be found or opened
INFO - File 'D:\media\musik\#VA HIP HOP\90'S OLD SCHOOL SLOW RAP BEAT-INSTRUMENTAL(2015).mp3' found.
INFO - File 'D:\media\musik\2002\Böhse Onkelz - Keine Amnestie Für MTV.mp3' found.
INFO - File 'D:\media\musik\AchtVier\AchtVier\2-14 Hörst du drauf_ (Instrumental).mp3' found.
INFO - File 'D:\media\musik\Architekt\Architekt - Klatsche - GECUTET IN FLEISSARBEIT\03 Miss Ungewiss.mp3' found.
INFO - File 'D:\media\musik\Backstreet Boys\Backstreet Boys - Backstreet's Back\13. If I Don't Have You.mp3' found.
INFO - File 'D:\media\musik\BDS\BDS - Mixtape 2wo\05 - BDS feat. K12 - Bereit Für Action.mp3' found.
INFO - File 'D:\media\musik\Billy Talent\Billy Talent - The Ex.mp3' found.
INFO - File 'D:\media\musik\Broilers\Broilers-deinestadt.mp3' found.
INFO - File 'D:\media\musik\Bushido\Bushido-Black_Friday-Limited_Edition-4CD-DE-2017-NOiR\404-bushido-anders_als_ihr_(instrumental)-noir.mp3' found.
INFO - File 'D:\media\musik\Böhse Onkelz\Böhse Onkelz - Dr. Martens Beat.mp3' found.
INFO - File 'D:\media\musik\Böhse Onkelz\Böhse Onkelz - Stand der Dinge.mp3' found.
INFO - File 'D:\media\musik\Celo & Abdi\Celo & Abdi-Hinterhofjargon\07 - Durchsuchungsbefehl - Celo & Abdi Feat. SSIO.mp3' found.
INFO - File 'D:\media\musik\Cr7z\Cr7z--An7ma-DE-2012-OMA\10-cr7z--fallkurve-oma.mp3' found.
INFO - File 'D:\media\musik\Dendemann\Vom Vintage Verweht\07-dendemann-tierisch.mp3' found.
INFO - File 'D:\media\musik\Die Ärzte\Die Ärzte - Die Banane.mp3' found.
INFO - File 'D:\media\musik\DJ Desue\VA-DJ_Desue_Art_Of_War-CD-FLAC-2002-CUSTODES\08-cassandra_steen_and_kool_savas-weg_zum_ziel-custodes.flac' found.
INFO - File 'D:\media\musik\EKO\Eksodus (Standard Edition)\CD1\10-Eko Fresh _ 3 in 1.mp3' found.
INFO - File 'D:\media\musik\Favorite\Neues von Gott\105-favorite-selfmade_legenden_feat._kollegah-umt.mp3' found.
INFO - File 'D:\media\musik\Foo Fighters\Foo Fighters - Breakout.mp3' found.
INFO - File 'D:\media\musik\Frauenarzt\Frauenarzt - Der Untergrundkönig\08-Der Hass.mp3' found.
INFO - File 'D:\media\musik\Frauenarzt\Schulte und Epoz - Szeneputzen Ab ins Bett\14-schulte_und_epoz-das_letzte_glas_feat._phase_(team_avantgarde)-noir.mp3' found.
INFO - File 'D:\media\musik\Ganjaman\Ganjaman-Resonanz\Ganjaman - 08 - Kolumbus - Santa Maria (feat. Junior Randy).mp3' found.
INFO - File 'D:\media\musik\Hans Söllner\Hans_Soellner_und_Bayaman_Sissdem-Viet_Nam-DE-2007-uC\Hans_Soellner_und_Bayaman_Sissdem-Viet_Nam-DE-2007-uC\14-hans_soellner_und_bayaman_sissdem-vorbei_damit.mp3' found.
INFO - File 'D:\media\musik\Hot Action Cop\Hot Action Cop - Handjob.mp3' found.
INFO - File 'D:\media\musik\Jackson 5\Jackson 5 - Soulsation! 25th Anniversary Collection 4CD\Disc 2\18.the boogie man - the jackson 5 - soulsation! 25th anniversary collection (disc 2).mp3' found.
INFO - File 'D:\media\musik\JAW\JAW - Schock Fürs Leben (2006)\08-jaw-nimm_meine_hand.mp3' found.
INFO - File 'D:\media\musik\K.I.Z\KIZ - Böhse Enkelz\05 Bong verkippt.mp3' found.
INFO - File 'D:\media\musik\Kate Perry\Katy_Perry-I_Kissed_A_Girl__Remixes_-Promo_CDM-2008-UK\04-katy_perry-i_kissed_a_girl_(jason_nevins_remix).mp3' found.
INFO - File 'D:\media\musik\Kinderzimmer Productions\Kinderzimmer_Productions_und_Radio_Symphonie_Orchester_Wien-Gegen_Den_Strich-DE-2011-NOiR\08-kinderzimmer_productions_und_radio_symphonie_orchester_wien-sie_kriegen_uns_nie-noir.mp3' found.
INFO - File 'D:\media\musik\Kool Savas\Märtyrer\08 Es rappelt im Karton.mp3' found.
INFO - File 'D:\media\musik\Lakmann\Aus dem Schoß der Psychose\13. Gegen die Zeit.mp3' found.
INFO - File 'D:\media\musik\Marius Müller Westernhagen\04 - Marius Müller-Westernhagen - Taximann.mp3' found.
INFO - File 'D:\media\musik\Max Romeo\Max Romeo - Stealing In,The Name Of Jah.mp3' found.
INFO - File 'D:\media\musik\Muff Potter\Muff Potter - erste_liebe.mp3' found.
INFO - File 'D:\media\musik\Paul Kalkbrenner\Paul_Kalkbrenner--Reworks-(BPC137CD)-WEB-2006-SiBERiA\01-paul_kalkbrenner--steinbeisser_(wighnomy_brothers_remix)-siberia.mp3' found.
INFO - File 'D:\media\musik\Pluton Svea\Pluton Svea - Bevara Sverige svenskt.mp3' found.
INFO - File 'D:\media\musik\Prinz Pi\Prinz Porno - Geschriebene Geschichte _\16 - Prinz Porno - Troopercars.mp3' found.
INFO - File 'D:\media\musik\Prinz Pi\Prinz Porno - pp = mc2\11 Prinz Porno - Spur der Steine (Alternativer Strassenrap Ansatz 1).mp3' found.
INFO - File 'D:\media\musik\Prinz Pi\Prinz Porno - Zeit Ist Geld _\09-prinz_porno_-_generation_counterstrike_feat._gustav_glock-ysp.mp3' found.
INFO - File 'D:\media\musik\Reggae\Bedouin Soundclash\Badawi\13 badawi dub.mp3' found.
INFO - File 'D:\media\musik\Schwesta Ewa\Kurwa\10. Tunneln und so (feat. Eko Fresh).mp3' found.
INFO - File 'D:\media\musik\Sido\Sido - 30-11-80\04 Papa, was machst du da.mp3' found.
INFO - File 'D:\media\musik\Sido & Kool Savas\Kool Savas - Sido - Royal Bunker\14. Leben geben.mp3' found.
INFO - File 'D:\media\musik\Soulfly\Soulfly - The Song Remains Insane.mp3' found.
INFO - File 'D:\media\musik\Talisman\Talisman-Dole_Age-2011-CD-RAC\08-talisman-nothing_change.mp3' found.
INFO - File 'D:\media\musik\The Offspring\Offspring - Pretty Fly For A White Guy.mp3' found.
INFO - File 'D:\media\musik\VA\Alicia Keys - Fallin.mp3' found.
INFO - File 'D:\media\musik\VA\Celine Dion - Titanic (techno remix).mp3' found.
INFO - File 'D:\media\musik\VA\DMX ft. Timbaland, JT, MJ & Drag-On - No Love For Me [Promiscuous Girl Cover]Full.mp3' found.
INFO - File 'D:\media\musik\VA\gaylight in your eyes.mp3' found.
INFO - File 'D:\media\musik\VA\Hochtzeit Jaqueline\Alexandra Burke - Hallelujah ( Karaoke )_data\e00\d00\e0000fc8.au' found.
INFO - File 'D:\media\musik\VA\lagwagon - dancing_the_collapse.mp3' found.
INFO - File 'D:\media\musik\VA\Molotov-Gimme Power.mp3' found.
INFO - File 'D:\media\musik\VA\NTS-1.Believe me.MP3' found.
INFO - File 'D:\media\musik\VA\PUNK-SKA COVERS - LEAVING ON A JETPLANE.mp3' found.
INFO - File 'D:\media\musik\VA\Six Feet Under - Human Target.mp3' found.
INFO - File 'D:\media\musik\VA\The Mighty Mighty Bosstones-The Impression That I get.mp3' found.
INFO - File 'D:\media\musik\VA - Alben\Best Of Rock\Sex Pistols - God Save The Queen.mp3' found.
INFO - File 'D:\media\musik\VA - Alben\Future Trance Vol 40\207_apollo_-_dance_2007_(cascada_radio_edit).mp3' found.
INFO - File 'D:\media\musik\VA - Alben\Kleiner Party Mix\Tim Toupet - Du hast die Haare schön.mp3' found.
INFO - File 'D:\media\musik\VA - Alben\VA-Reggae_Jammin_Plus_Vol._2-(TRCD0606)-2CD-2011-XXL\214-vybz_kartel-thank_you_jah.mp3' found.
INFO - File 'D:\media\musik\Wizo\Wizo - Roy Black ist tot.mp3' found.
INFO - File 'D:\media\musik\Zinc\Zinc - Help me help myself.mp3' found.
INFO - Folder 'D:\media\musik' completly scanned.
INFO - File 'D:\media\musik\Zwan\Zwan_EndlessSummer.mp3' found.
INFO - +lucene 'D:\media\musik\2002\Avril Lavigne - Complicated.mp3'.
INFO - +lucene 'D:\media\musik\AchtVier\AchtVier\2-13 Nie wieder (Instrumental).mp3'.
INFO - +lucene 'D:\media\musik\Architekt\Architekt - Klatsche - GECUTET IN FLEISSARBEIT\02 Gedanken Worte verleihen.mp3'.
INFO - +lucene 'D:\media\musik\Backstreet Boys\Backstreet Boys - Backstreet's Back\12. All I Have To Give (Part-II).mp3'.
INFO - +lucene 'D:\media\musik\BDS\BDS - Mixtape 2wo\04 - BDS feat. Ammo - Der Rapper In Mir.mp3'.
INFO - +lucene 'D:\media\musik\Billy Talent\Billy Talent - Sympathy.mp3'.
INFO - +lucene 'D:\media\musik\Broilers\Broilers-dasletzte.mp3'.
INFO - +lucene 'D:\media\musik\Bushido\Bushido-Black_Friday-Limited_Edition-4CD-DE-2017-NOiR\403-bushido-phantombild_(instrumental)-noir.mp3'.
INFO - +lucene 'D:\media\musik\Böhse Onkelz\Böhse Onkelz - Doitschland den Doitschen ( Demo ).mp3'.
INFO - +lucene 'D:\media\musik\Böhse Onkelz\Böhse Onkelz - Sowas hat man.mp3'.
INFO - +lucene 'D:\media\musik\Celo & Abdi\Celo & Abdi-Hinterhofjargon\06 - Hektiks - Celo & Abdi.mp3'.
INFO - +lucene 'D:\media\musik\Cr7z\Cr7z--An7ma-DE-2012-OMA\09-cr7z--zeitverlust-oma.mp3'.
INFO - +lucene 'D:\media\musik\Dendemann\Vom Vintage Verweht\06-dendemann-freie_radikale_gbrdh.mp3'.
INFO - +lucene 'D:\media\musik\Die Ärzte\Die Ärzte - Der graf unplugged.mp3'.
INFO - +lucene 'D:\media\musik\DJ Desue\VA-DJ_Desue_Art_Of_War-CD-FLAC-2002-CUSTODES\07-legend_a.k.a._kamikaze_and_korupt-me_and_my_homies-custodes.flac'.
INFO - +lucene 'D:\media\musik\EKO\Eksodus (Standard Edition)\CD1\09-Eko Fresh _ Abgabe Skit.mp3'.
INFO - +lucene 'D:\media\musik\Favorite\Neues von Gott\104-favorite-wanze-umt.mp3'.
INFO - +lucene 'D:\media\musik\Flow im Ohr\Flow Im Ohr - Weiche Knie.mp3'.
INFO - +lucene 'D:\media\musik\Frauenarzt\Frauenarzt - Der Untergrundkönig\07-In den Mob.mp3'.
INFO - +lucene 'D:\media\musik\Frauenarzt\Schulte und Epoz - Szeneputzen Ab ins Bett\13-schulte_und_epoz-komm_mit_auf_die_reise_feat._herbie_schultemeyer-noir.mp3'.
INFO - +lucene 'D:\media\musik\Ganjaman\Ganjaman-Resonanz\Ganjaman - 07 - Sonne (feat. Junior Randy).mp3'.
INFO - +lucene 'D:\media\musik\Guano Apes\Guano Apes-No Speech.MP3'.
INFO - +lucene 'D:\media\musik\Hot Action Cop\Hot Action Cop - Fever For The Flava (1).mp3'.
INFO - +lucene 'D:\media\musik\Jackson 5\Jackson 5 - Soulsation! 25th Anniversary Collection 4CD\Disc 2\17.corner of the sky - the jackson 5 - soulsation! 25th anniversary collection (disc 2).mp3'.
INFO - +lucene 'D:\media\musik\JAW\JAW - Schock Fürs Leben (2006)\07-jaw-triebgelenkt.mp3'.
INFO - +lucene 'D:\media\musik\K.I.Z\KIZ - Böhse Enkelz\04 Wir werden jetzt Stars.mp3'.
INFO - +lucene 'D:\media\musik\Kate Perry\Katy_Perry-I_Kissed_A_Girl__Remixes_-Promo_CDM-2008-UK\03-katy_perry-i_kissed_a_girl_(scotty_k._remix).mp3'.
INFO - +lucene 'D:\media\musik\Kinderzimmer Productions\Kinderzimmer_Productions_und_Radio_Symphonie_Orchester_Wien-Gegen_Den_Strich-DE-2011-NOiR\07-kinderzimmer_productions_und_radio_symphonie_orchester_wien-twoinonetwo-noir.mp3'.
INFO - +lucene 'D:\media\musik\Kool Savas\Märtyrer\07 2 the Essence (feat. Masta Ace &.mp3'.
INFO - +lucene 'D:\media\musik\Lakmann\Aus dem Schoß der Psychose\12. Kriegsberichte.mp3'.
INFO - +lucene 'D:\media\musik\Marius Müller Westernhagen\03 - Marius Müller-Westernhagen - Sexy.mp3'.
INFO - +lucene 'D:\media\musik\Max Romeo\Max Romeo - Smokey Room.mp3'.
INFO - +lucene 'D:\media\musik\Muff Potter\Muff Potter - bord_take.mp3'.
INFO - +lucene 'D:\media\musik\Paul Kalkbrenner\14 Gebrünn Gebrünn (Special Berlin Calling Edit).mp3'.
INFO - +lucene 'D:\media\musik\Pluton Svea\Pluton Svea -  Kamp Für Sverige.mp3'.
INFO - +lucene 'D:\media\musik\Prinz Pi\Prinz Porno - Geschriebene Geschichte _\15 - Prinz Porno - Safari.mp3'.
INFO - +lucene 'D:\media\musik\Prinz Pi\Prinz Porno - pp = mc2\10 Prinz Porno - Abhängen (Geschichte der Schwerkraft).mp3'.
INFO - +lucene 'D:\media\musik\Prinz Pi\Prinz Porno - Zeit Ist Geld _\08-prinz_porno_-_wunderkind_2_feat._kobra-ysp.mp3'.
INFO - +lucene 'D:\media\musik\Reggae\Bedouin Soundclash\Badawi\12 turbo auto drive.mp3'.
INFO - +lucene 'D:\media\musik\Schwesta Ewa\Kurwa\09. Ramba Zamba (feat. Marteria).mp3'.
INFO - +lucene 'D:\media\musik\Sido\Sido - 30-11-80\03 So wie du.mp3'.
INFO - +lucene 'D:\media\musik\Sido & Kool Savas\Kool Savas - Sido - Royal Bunker\13. Normale Leute.mp3'.
INFO - +lucene 'D:\media\musik\Soulfly\Soulfly - Seek'n'strike.mp3'.
INFO - +lucene 'D:\media\musik\Talisman\Talisman-Dole_Age-2011-CD-RAC\07-talisman-ah_wha_u_seh.mp3'.
INFO - +lucene 'D:\media\musik\The Offspring\offspring - hit_that.ogg'.
INFO - +lucene 'D:\media\musik\VA\Ali G - In Da House SoundTrack - Jungle Is Massive.mp3'.
INFO - +lucene 'D:\media\musik\VA\celina-wenn_es_einen_gott_gibt_(feat._sido).mp3'.
INFO - +lucene 'D:\media\musik\VA\DMX - We Right Here (www.mp3wmaland.com).mp3'.
INFO - +lucene 'D:\media\musik\VA\Garbage- I tihnk I'm Paranoid.mp3'.
INFO - +lucene 'D:\media\musik\VA\Hochtzeit Jaqueline\Alexandra Burke - Hallelujah ( Karaoke )_data\e00\d00\e0000f02.au'.
INFO - +lucene 'D:\media\musik\VA\Lagwagon - Bombs Away.mp3'.
INFO - +lucene 'D:\media\musik\VA\moehre - Nackideii.mp3'.
INFO - +lucene 'D:\media\musik\VA\NTS Snippet.mp3'.
INFO - +lucene 'D:\media\musik\VA\PUNK-SKA COVERS - ICE ICE BABY.mp3'.
INFO - +lucene 'D:\media\musik\VA\Six feet under - Graveyard classics 11 Purple Haze.mp3'.
INFO - +lucene 'D:\media\musik\VA\The Lumineers - Ho Hey (Official Video).mp3'.
INFO - +lucene 'D:\media\musik\VA - Alben\Best Of Rock\Run Dmc & Aerosmith - Walk This Way.mp3'.
INFO - +lucene 'D:\media\musik\VA - Alben\Future Trance Vol 40\206-2_vibez_-_i_believe_(radio_edit).mp3'.
INFO - +lucene 'D:\media\musik\VA - Alben\Kleiner Party Mix\Spur 8.mp3'.
INFO - +lucene 'D:\media\musik\VA - Alben\VA-Reggae_Jammin_Plus_Vol._2-(TRCD0606)-2CD-2011-XXL\213-hezron-forever_and_always.mp3'.
INFO - +lucene 'D:\media\musik\Wizo\Wizo - Raum Der Zeit.mp3'.
INFO - +lucene 'D:\media\musik\Zaunpfahl\Zaunpfahl - Zu spät.mp3'.
INFO - +lucene 'D:\media\musik\Zwan\Zwan_EndlessSummer.mp3'.
INFO - Youtube stream detected: null null 
INFO - Youtube stream detected: WEBM 1080p 1920x1080
INFO - Youtube stream detected: M4V 360p 640x360
INFO - Youtube stream detected: null null 
INFO - Youtube stream detected: M4A 128k 
INFO - Youtube stream detected: OGG 128k 
INFO - Youtube stream detected: null null 
INFO - Youtube stream detected: null null 
INFO - Youtube stream detected: MP4 360p 640x360
INFO - Youtube stream dINFO - Close jSona now! Bye Bye thank you for using jSona =)
4 720p 1280x720
INFO - Youtube stream detected: WEBM 240p 360x240
INFO - Youtube stream detected: 3GP 240p 320x240
INFO - Youtube stream detected: 3GP 240p 320x240
INFO - Youtube stream detected: WEBM 480p 720x480
INFO - Youtube stream detected: WEBM 360p 480x360
INFO - Youtube stream detected: 3GP 144p 176x144
INFO - Youtube stream detected: M4V 480p 854x480
INFO - Youtube stream detected: M4V 144p 256x144
INFO - Youtube stream detected: M4V 720p 1280x720
INFO - Youtube stream detected: WEBM 360p 640x360
INFO - Youtube stream detected: M4V 1080p 1920x1080
INFO - Youtube stream detected: M4V 1080p 1920x1080
INFO - Youtube stream detected: M4V 240p 426x240
INFO - Choosen video stream WEBM 1080p 1920x1080
INFO - Play next file 'https://www.youtube.com/watch?v=kVSR3YqYYsY'.
INFO - Collection information for 'https://www.youtube.com/watch?v=kVSR3YqYYsY'.
INFO - Video ID detected 'kVSR3YqYYsY'
INFO - Artist image path: cache\img\youtube\kVSR3YqYYsY.jpg
INFO - Set volume to '85'.
INFO - Set volume to '90'.
INFO - Set volume to '95'.
INFO - Play next file 'D:\media\musik\#VA HIP HOP\Fabian Römer feat. MoTrip - Kalenderblätter (16BARS.TV PREMIERE).mp3'.
INFO - Collection informations for 'Fabian Römer feat. MoTrip'.
INFO - LastFM.information.getInfo('Fabian Römer feat. MoTrip'): 'Fabian Römer feat. MoTrip'.
INFO - Saving playlists to 'playlists.data'.
INFO - Youtube stream detected: null null 
INFO - Youtube stream detected: M4V 1080p 1920x1080
INFO - Youtube stream detected: WEBM 360p 480x360
INFO - Youtube stream detected: M4V 144p 256x144
INFO - Youtube stream detected: null null 
INFO - Youtube stream detected: OGG 128k 
INFO - Youtube stream detected: MP4 360p 640x360
INFO - Youtube stream detected: null null 
INFO - Youtube stream detected: M4A 128k 
INFO - Youtube stream detected: null null 
INFO - Youtube stream detected: WEBM 480p 720x480
INFO - Youtube stream detected: WEBM 480p 640x480
INFO - Youtube stream detected: M4V 720p 1280x720
INFO - Youtube stream detected: M4V 480p 854x480
INFO - Youtube stream detected: M4V 480p 854x480
INFO - Youtube stream detected: M4V 360p 640x360
INFO - Youtube stream detected: M4V 360p 640x360
INFO - Youtube stream detected: MP4 720p 1280x720
INFO - Youtube stream detected: 3GP 240p 320x240
INFO - Youtube stream detected: M4V 240p 426x240
INFO - Youtube stream detected: 3GP 144p 176x144
INFO - Youtube stream detected: WEBM 240p 360x240
INFO - Youtube stream detected: WEBM 360p 640x360
INFO - Youtube stream detected: WEBM 1080p 1920x1080
INFO - Choosen video stream WEBM 1080p 1920x1080
INFO - Play next file 'https://www.youtube.com/watch?v=kVSR3YqYYsY'.
INFO - Artist image path: cache\img\youtube\kVSR3YqYYsY.jpg
INFO - Artist image path: cache\img\youtube\kVSR3YqYYsY.jpg
INFO - Set volume to '100'.
INFO - Set volume to '100'.
INFO - Set volume to '100'.
INFO - Set volume to '95'.
INFO - Set volume to '90'.
INFO - Set volume to '85'.
INFO - Set volume to '80'.
INFO - Set volume to '85'.
INFO - Set volume to '90'.
INFO - Set volume to '95'.
INFO - Set volume to '100'.
INFO - Set volume to '100'.
INFO - Set volume to '100'.
INFO - Set volume to '100'.
INFO - Play next file 'D:\media\musik\#VA HIP HOP\etze-fuer-frank.wav'.
INFO - Collection informations for 'null'.
INFO - Saving playlists to 'playlists.data'.
INFO - Saving playlists to 'playlists.data'.
INFO - Youtube stream detected: OGG 128k 
INFO - Youtube stream detected: WEBM 360p 640x360
INFO - Youtube stream detected: WEBM 480p 720x480
INFO - Youtube stream detected: M4V 1080p 1920x1080
INFO - Youtube stream detected: MP4 360p 640x360
INFO - Youtube stream detected: MP4 720p 1280x720
INFO - Youtube stream detected: 3GP 240p 320x240
INFO - Youtube stream detected: M4V 480p 854x480
INFO - Youtube stream detected: null null 
INFO - Youtube stream detected: M4V 360p 640x360
INFO - Youtube stream detected: M4V 144p 256x144
INFO - Youtube stream detected: 3GP 144p 176x144
INFO - Youtube stream detected: 3GP 144p 176x144
INFO - Youtube stream detected: M4A 128k 
INFO - Youtube stream detected: M4A 128k 
INFO - Youtube stream detected: WEBM 480p 640x480
INFO - Youtube stream detected: WEBM 240p 360x240
INFO - Youtube stream detected: null null 
INFO - Youtube stream detected: WEBM 360p 480x360
INFO - Youtube stream detected: WEBM 1080p 1920x1080
INFO - Youtube stream detected: null null 
INFO - Youtube stream detected: null null 
INFO - Youtube stream detected: M4V 240p 426x240
INFO - Youtube stream detected: M4V 720p 1280x720
INFO - Choosen video stream OGG 128k 
INFO - Play next file 'https://www.youtube.com/watch?v=kVSR3YqYYsY'.
INFO - Artist image path: cache\img\youtube\kVSR3YqYYsY.jpg
INFO - Artist image path: cache\img\youtube\kVSR3YqYYsY.jpg
INFO - Set volume to '100'.
INFO - Set volume to '100'.
